2024-10-06 20:10:14,528 - INFO - File Empresas0.zip already exists and matches the size. Skipping download.
2024-10-06 20:10:14,547 - INFO - File Cnaes.zip already exists and matches the size. Skipping download.
2024-10-06 20:10:14,548 - INFO - File Empresas2.zip already exists and matches the size. Skipping download.
2024-10-06 20:10:14,549 - INFO - File Empresas1.zip already exists and matches the size. Skipping download.
2024-10-06 20:10:16,208 - INFO - File Empresas6.zip already exists and matches the size. Skipping download.
2024-10-06 20:10:16,222 - INFO - File Empresas5.zip already exists and matches the size. Skipping download.
2024-10-06 20:10:16,246 - INFO - File Empresas4.zip already exists and matches the size. Skipping download.
2024-10-06 20:10:16,276 - INFO - File Empresas3.zip already exists and matches the size. Skipping download.
2024-10-06 20:10:16,676 - INFO - File Empresas7.zip already exists and matches the size. Skipping download.
2024-10-06 20:10:16,685 - INFO - File Empresas8.zip already exists and matches the size. Skipping download.
2024-10-06 20:10:16,709 - INFO - File Empresas9.zip already exists and matches the size. Skipping download.
2024-10-06 20:10:16,731 - INFO - File Estabelecimentos0.zip already exists and matches the size. Skipping download.
2024-10-06 20:10:17,313 - INFO - File Estabelecimentos1.zip already exists and matches the size. Skipping download.
2024-10-06 20:10:17,314 - INFO - File Estabelecimentos3.zip already exists and matches the size. Skipping download.
2024-10-06 20:10:17,314 - INFO - File Estabelecimentos2.zip already exists and matches the size. Skipping download.
2024-10-06 20:10:17,540 - INFO - File Estabelecimentos4.zip already exists and matches the size. Skipping download.
2024-10-06 20:10:17,775 - INFO - File Estabelecimentos5.zip already exists and matches the size. Skipping download.
2024-10-06 20:10:17,781 - INFO - File Estabelecimentos6.zip already exists and matches the size. Skipping download.
2024-10-06 20:10:17,786 - INFO - File Estabelecimentos7.zip already exists and matches the size. Skipping download.
2024-10-06 20:10:17,998 - INFO - File Estabelecimentos8.zip already exists and matches the size. Skipping download.
2024-10-06 20:10:18,253 - INFO - File Municipios.zip already exists and matches the size. Skipping download.
2024-10-06 20:10:18,253 - INFO - File Estabelecimentos9.zip already exists and matches the size. Skipping download.
2024-10-06 20:10:18,253 - INFO - File Motivos.zip already exists and matches the size. Skipping download.
2024-10-06 20:10:18,476 - INFO - File Naturezas.zip already exists and matches the size. Skipping download.
2024-10-06 20:10:18,714 - INFO - File Paises.zip already exists and matches the size. Skipping download.
2024-10-06 20:10:18,725 - INFO - File Qualificacoes.zip already exists and matches the size. Skipping download.
2024-10-06 20:10:18,725 - INFO - File Simples.zip already exists and matches the size. Skipping download.
2024-10-06 20:10:18,955 - INFO - File Socios0.zip already exists and matches the size. Skipping download.
2024-10-06 20:10:19,228 - INFO - File Socios1.zip already exists and matches the size. Skipping download.
2024-10-06 20:10:19,229 - INFO - File Socios2.zip already exists and matches the size. Skipping download.
2024-10-06 20:10:19,229 - INFO - File Socios3.zip already exists and matches the size. Skipping download.
2024-10-06 20:10:19,454 - INFO - File Socios4.zip already exists and matches the size. Skipping download.
2024-10-06 20:10:19,699 - INFO - File Socios5.zip already exists and matches the size. Skipping download.
2024-10-06 20:10:19,708 - INFO - File Socios6.zip already exists and matches the size. Skipping download.
2024-10-06 20:10:19,708 - INFO - File Socios7.zip already exists and matches the size. Skipping download.
2024-10-06 20:10:19,912 - INFO - File Socios8.zip already exists and matches the size. Skipping download.
2024-10-06 20:10:20,179 - INFO - File Socios9.zip already exists and matches the size. Skipping download.
2024-10-06 20:10:20,185 - INFO - Finished downloading files.
