2024-10-06 20:47:44,852 - INFO - File Empresas2.zip already exists and matches the size. Skipping download.
2024-10-06 20:47:44,853 - INFO - File Empresas0.zip already exists and matches the size. Skipping download.
2024-10-06 20:47:44,853 - INFO - File Empresas1.zip already exists and matches the size. Skipping download.
2024-10-06 20:47:44,854 - INFO - File Cnaes.zip already exists and matches the size. Skipping download.
2024-10-06 20:47:46,400 - INFO - File Empresas3.zip already exists and matches the size. Skipping download.
2024-10-06 20:47:46,416 - INFO - File Empresas6.zip already exists and matches the size. Skipping download.
2024-10-06 20:47:46,432 - INFO - File Empresas5.zip already exists and matches the size. Skipping download.
2024-10-06 20:47:46,432 - INFO - File Empresas4.zip already exists and matches the size. Skipping download.
2024-10-06 20:47:46,881 - INFO - File Empresas7.zip already exists and matches the size. Skipping download.
2024-10-06 20:47:46,882 - INFO - File Empresas9.zip already exists and matches the size. Skipping download.
2024-10-06 20:47:46,894 - INFO - File Empresas8.zip already exists and matches the size. Skipping download.
2024-10-06 20:47:46,895 - INFO - File Estabelecimentos0.zip already exists and matches the size. Skipping download.
2024-10-06 20:47:47,343 - INFO - File Estabelecimentos1.zip already exists and matches the size. Skipping download.
2024-10-06 20:47:47,355 - INFO - File Estabelecimentos2.zip already exists and matches the size. Skipping download.
2024-10-06 20:47:47,375 - INFO - File Estabelecimentos3.zip already exists and matches the size. Skipping download.
2024-10-06 20:47:47,376 - INFO - File Estabelecimentos4.zip already exists and matches the size. Skipping download.
2024-10-06 20:47:47,825 - INFO - File Estabelecimentos5.zip already exists and matches the size. Skipping download.
2024-10-06 20:47:47,826 - INFO - File Estabelecimentos6.zip already exists and matches the size. Skipping download.
2024-10-06 20:47:47,849 - INFO - File Estabelecimentos7.zip already exists and matches the size. Skipping download.
2024-10-06 20:47:47,852 - INFO - File Estabelecimentos8.zip already exists and matches the size. Skipping download.
2024-10-06 20:47:48,294 - INFO - File Estabelecimentos9.zip already exists and matches the size. Skipping download.
2024-10-06 20:47:48,316 - INFO - File Motivos.zip already exists and matches the size. Skipping download.
2024-10-06 20:47:48,316 - INFO - File Municipios.zip already exists and matches the size. Skipping download.
2024-10-06 20:47:48,337 - INFO - File Naturezas.zip already exists and matches the size. Skipping download.
2024-10-06 20:47:48,782 - INFO - File Paises.zip already exists and matches the size. Skipping download.
2024-10-06 20:47:49,076 - INFO - File Qualificacoes.zip already exists and matches the size. Skipping download.
2024-10-06 20:47:49,086 - INFO - File Simples.zip already exists and matches the size. Skipping download.
2024-10-06 20:47:49,087 - INFO - File Socios0.zip already exists and matches the size. Skipping download.
2024-10-06 20:47:49,412 - INFO - File Socios1.zip already exists and matches the size. Skipping download.
2024-10-06 20:47:49,655 - INFO - File Socios3.zip already exists and matches the size. Skipping download.
2024-10-06 20:47:49,699 - INFO - File Socios4.zip already exists and matches the size. Skipping download.
2024-10-06 20:47:49,716 - INFO - File Socios2.zip already exists and matches the size. Skipping download.
2024-10-06 20:47:50,008 - INFO - File Socios5.zip already exists and matches the size. Skipping download.
2024-10-06 20:47:50,186 - INFO - File Socios6.zip already exists and matches the size. Skipping download.
2024-10-06 20:47:50,245 - INFO - File Socios7.zip already exists and matches the size. Skipping download.
2024-10-06 20:47:50,246 - INFO - File Socios8.zip already exists and matches the size. Skipping download.
2024-10-06 20:47:50,584 - INFO - File Socios9.zip already exists and matches the size. Skipping download.
2024-10-06 20:47:50,591 - INFO - Finished downloading files.
2024-10-06 20:48:47,706 - INFO - File Cnaes.zip already exists and matches the size. Skipping download.
2024-10-06 20:48:47,714 - INFO - File Empresas1.zip already exists and matches the size. Skipping download.
2024-10-06 20:48:47,770 - INFO - File Empresas2.zip already exists and matches the size. Skipping download.
2024-10-06 20:48:47,770 - INFO - File Empresas0.zip already exists and matches the size. Skipping download.
2024-10-06 20:48:48,380 - INFO - File Empresas4.zip already exists and matches the size. Skipping download.
2024-10-06 20:48:48,381 - INFO - File Empresas3.zip already exists and matches the size. Skipping download.
2024-10-06 20:48:48,382 - INFO - File Empresas5.zip already exists and matches the size. Skipping download.
2024-10-06 20:48:48,383 - INFO - File Empresas6.zip already exists and matches the size. Skipping download.
2024-10-06 20:48:48,846 - INFO - File Empresas7.zip already exists and matches the size. Skipping download.
2024-10-06 20:48:48,849 - INFO - File Empresas8.zip already exists and matches the size. Skipping download.
2024-10-06 20:48:48,850 - INFO - File Empresas9.zip already exists and matches the size. Skipping download.
2024-10-06 20:48:48,858 - INFO - File Estabelecimentos0.zip already exists and matches the size. Skipping download.
2024-10-06 20:48:49,318 - INFO - File Estabelecimentos2.zip already exists and matches the size. Skipping download.
2024-10-06 20:48:49,318 - INFO - File Estabelecimentos1.zip already exists and matches the size. Skipping download.
2024-10-06 20:48:49,318 - INFO - File Estabelecimentos4.zip already exists and matches the size. Skipping download.
2024-10-06 20:48:49,324 - INFO - File Estabelecimentos3.zip already exists and matches the size. Skipping download.
2024-10-06 20:48:50,081 - INFO - File Estabelecimentos5.zip already exists and matches the size. Skipping download.
2024-10-06 20:48:50,082 - INFO - File Estabelecimentos8.zip already exists and matches the size. Skipping download.
2024-10-06 20:48:50,082 - INFO - File Estabelecimentos7.zip already exists and matches the size. Skipping download.
2024-10-06 20:48:50,327 - INFO - File Estabelecimentos6.zip already exists and matches the size. Skipping download.
2024-10-06 20:48:50,658 - INFO - File Motivos.zip already exists and matches the size. Skipping download.
2024-10-06 20:48:50,660 - INFO - File Estabelecimentos9.zip already exists and matches the size. Skipping download.
2024-10-06 20:48:50,660 - INFO - File Municipios.zip already exists and matches the size. Skipping download.
2024-10-06 20:48:51,176 - INFO - File Naturezas.zip already exists and matches the size. Skipping download.
2024-10-06 20:48:52,117 - INFO - File Socios0.zip already exists and matches the size. Skipping download.
2024-10-06 20:48:52,435 - INFO - File Simples.zip already exists and matches the size. Skipping download.
2024-10-06 20:48:52,674 - INFO - File Socios1.zip already exists and matches the size. Skipping download.
2024-10-06 20:48:52,902 - INFO - File Socios2.zip already exists and matches the size. Skipping download.
2024-10-06 20:48:53,138 - INFO - File Socios3.zip already exists and matches the size. Skipping download.
2024-10-06 20:48:53,668 - INFO - File Socios4.zip already exists and matches the size. Skipping download.
2024-10-06 20:48:54,282 - INFO - File Socios5.zip already exists and matches the size. Skipping download.
2024-10-06 20:48:54,438 - INFO - File Paises.zip already exists and matches the size. Skipping download.
2024-10-06 20:48:54,442 - INFO - File Qualificacoes.zip already exists and matches the size. Skipping download.
2024-10-06 20:48:54,517 - INFO - File Socios6.zip already exists and matches the size. Skipping download.
2024-10-06 20:48:54,749 - INFO - File Socios7.zip already exists and matches the size. Skipping download.
2024-10-06 20:48:54,900 - INFO - File Socios9.zip already exists and matches the size. Skipping download.
2024-10-06 20:48:55,099 - INFO - File Socios8.zip already exists and matches the size. Skipping download.
2024-10-06 20:48:55,103 - INFO - Finished downloading files.
2024-10-06 20:49:15,725 - INFO - File Cnaes.zip already exists and matches the size. Skipping download.
2024-10-06 20:49:15,725 - INFO - File Empresas2.zip already exists and matches the size. Skipping download.
2024-10-06 20:49:15,726 - INFO - File Empresas0.zip already exists and matches the size. Skipping download.
2024-10-06 20:49:15,727 - INFO - File Empresas1.zip already exists and matches the size. Skipping download.
2024-10-06 20:49:16,196 - INFO - File Empresas5.zip already exists and matches the size. Skipping download.
2024-10-06 20:49:16,197 - INFO - File Empresas3.zip already exists and matches the size. Skipping download.
2024-10-06 20:49:16,198 - INFO - File Empresas4.zip already exists and matches the size. Skipping download.
2024-10-06 20:49:16,214 - INFO - File Empresas6.zip already exists and matches the size. Skipping download.
2024-10-06 20:49:16,666 - INFO - File Empresas7.zip already exists and matches the size. Skipping download.
2024-10-06 20:49:16,667 - INFO - File Empresas8.zip already exists and matches the size. Skipping download.
2024-10-06 20:49:16,685 - INFO - File Estabelecimentos0.zip already exists and matches the size. Skipping download.
2024-10-06 20:49:16,686 - INFO - File Empresas9.zip already exists and matches the size. Skipping download.
2024-10-06 20:49:17,150 - INFO - File Estabelecimentos2.zip already exists and matches the size. Skipping download.
2024-10-06 20:49:17,337 - INFO - File Estabelecimentos1.zip already exists and matches the size. Skipping download.
2024-10-06 20:49:17,353 - INFO - File Estabelecimentos3.zip already exists and matches the size. Skipping download.
2024-10-06 20:49:17,354 - INFO - File Estabelecimentos4.zip already exists and matches the size. Skipping download.
2024-10-06 20:49:17,614 - INFO - File Estabelecimentos5.zip already exists and matches the size. Skipping download.
2024-10-06 20:49:17,805 - INFO - File Estabelecimentos6.zip already exists and matches the size. Skipping download.
2024-10-06 20:49:17,828 - INFO - File Estabelecimentos8.zip already exists and matches the size. Skipping download.
2024-10-06 20:49:17,828 - INFO - File Estabelecimentos7.zip already exists and matches the size. Skipping download.
2024-10-06 20:49:18,076 - INFO - File Estabelecimentos9.zip already exists and matches the size. Skipping download.
2024-10-06 20:49:18,303 - INFO - File Motivos.zip already exists and matches the size. Skipping download.
2024-10-06 20:49:18,304 - INFO - File Naturezas.zip already exists and matches the size. Skipping download.
2024-10-06 20:49:18,304 - INFO - File Municipios.zip already exists and matches the size. Skipping download.
2024-10-06 20:49:18,550 - INFO - File Paises.zip already exists and matches the size. Skipping download.
2024-10-06 20:49:19,064 - INFO - File Qualificacoes.zip already exists and matches the size. Skipping download.
2024-10-06 20:49:19,065 - INFO - File Simples.zip already exists and matches the size. Skipping download.
2024-10-06 20:49:19,289 - INFO - File Socios1.zip already exists and matches the size. Skipping download.
2024-10-06 20:49:19,542 - INFO - File Socios2.zip already exists and matches the size. Skipping download.
2024-10-06 20:49:19,547 - INFO - File Socios3.zip already exists and matches the size. Skipping download.
2024-10-06 20:49:19,762 - INFO - File Socios4.zip already exists and matches the size. Skipping download.
2024-10-06 20:49:19,800 - INFO - File Socios0.zip already exists and matches the size. Skipping download.
2024-10-06 20:49:20,013 - INFO - File Socios5.zip already exists and matches the size. Skipping download.
2024-10-06 20:49:20,040 - INFO - File Socios6.zip already exists and matches the size. Skipping download.
2024-10-06 20:49:20,241 - INFO - File Socios7.zip already exists and matches the size. Skipping download.
2024-10-06 20:49:20,280 - INFO - File Socios8.zip already exists and matches the size. Skipping download.
2024-10-06 20:53:00,386 - INFO - Downloaded Socios9.zip successfully.
2024-10-06 20:53:00,397 - INFO - Finished downloading files.
2024-10-06 20:55:13,741 - INFO - File Cnaes.zip already exists and matches the size. Skipping download.
2024-10-06 20:55:13,819 - INFO - File Empresas1.zip already exists and matches the size. Skipping download.
2024-10-06 20:55:13,820 - INFO - File Empresas2.zip already exists and matches the size. Skipping download.
2024-10-06 20:55:13,820 - INFO - File Empresas0.zip already exists and matches the size. Skipping download.
