2024-10-06 20:04:47,644 - INFO - File Cnaes.zip already exists and matches the size. Skipping download.
2024-10-06 20:04:47,658 - INFO - File Empresas0.zip already exists and matches the size. Skipping download.
2024-10-06 20:04:47,662 - INFO - File Empresas1.zip already exists and matches the size. Skipping download.
2024-10-06 20:04:47,662 - INFO - File Empresas2.zip already exists and matches the size. Skipping download.
2024-10-06 20:04:48,105 - INFO - File Empresas3.zip already exists and matches the size. Skipping download.
2024-10-06 20:04:48,109 - INFO - File Empresas4.zip already exists and matches the size. Skipping download.
2024-10-06 20:04:48,114 - INFO - File Empresas5.zip already exists and matches the size. Skipping download.
2024-10-06 20:04:48,119 - INFO - File Empresas6.zip already exists and matches the size. Skipping download.
2024-10-06 20:04:48,775 - INFO - File Empresas8.zip already exists and matches the size. Skipping download.
2024-10-06 20:04:48,775 - INFO - File Estabelecimentos0.zip already exists and matches the size. Skipping download.
2024-10-06 20:04:48,776 - INFO - File Empresas7.zip already exists and matches the size. Skipping download.
2024-10-06 20:04:48,776 - INFO - File Empresas9.zip already exists and matches the size. Skipping download.
2024-10-06 20:04:49,270 - INFO - File Estabelecimentos2.zip already exists and matches the size. Skipping download.
2024-10-06 20:04:49,270 - INFO - File Estabelecimentos3.zip already exists and matches the size. Skipping download.
2024-10-06 20:04:49,271 - INFO - File Estabelecimentos1.zip already exists and matches the size. Skipping download.
2024-10-06 20:04:49,275 - INFO - File Estabelecimentos4.zip already exists and matches the size. Skipping download.
2024-10-06 20:04:50,087 - INFO - File Estabelecimentos8.zip already exists and matches the size. Skipping download.
2024-10-06 20:04:50,456 - INFO - File Estabelecimentos5.zip already exists and matches the size. Skipping download.
2024-10-06 20:04:50,457 - INFO - File Estabelecimentos7.zip already exists and matches the size. Skipping download.
2024-10-06 20:04:50,457 - INFO - File Estabelecimentos6.zip already exists and matches the size. Skipping download.
2024-10-06 20:04:50,689 - INFO - File Estabelecimentos9.zip already exists and matches the size. Skipping download.
2024-10-06 20:04:50,921 - INFO - File Municipios.zip already exists and matches the size. Skipping download.
2024-10-06 20:04:50,934 - INFO - File Naturezas.zip already exists and matches the size. Skipping download.
2024-10-06 20:04:50,934 - INFO - File Motivos.zip already exists and matches the size. Skipping download.
2024-10-06 20:04:51,158 - INFO - File Paises.zip already exists and matches the size. Skipping download.
2024-10-06 20:04:51,473 - INFO - File Qualificacoes.zip already exists and matches the size. Skipping download.
2024-10-06 20:04:51,473 - INFO - File Socios0.zip already exists and matches the size. Skipping download.
2024-10-06 20:04:51,475 - INFO - File Simples.zip already exists and matches the size. Skipping download.
2024-10-06 20:04:51,748 - INFO - File Socios1.zip already exists and matches the size. Skipping download.
2024-10-06 20:04:51,983 - INFO - File Socios3.zip already exists and matches the size. Skipping download.
2024-10-06 20:04:51,983 - INFO - File Socios2.zip already exists and matches the size. Skipping download.
2024-10-06 20:04:51,983 - INFO - File Socios4.zip already exists and matches the size. Skipping download.
2024-10-06 20:04:52,358 - INFO - File Socios5.zip already exists and matches the size. Skipping download.
2024-10-06 20:04:52,579 - INFO - File Socios6.zip already exists and matches the size. Skipping download.
2024-10-06 20:04:52,594 - INFO - File Socios8.zip already exists and matches the size. Skipping download.
2024-10-06 20:04:52,595 - INFO - File Socios7.zip already exists and matches the size. Skipping download.
2024-10-06 20:04:52,971 - INFO - File Socios9.zip already exists and matches the size. Skipping download.
2024-10-06 20:04:52,973 - INFO - Finished downloading files.
2024-10-06 20:05:21,884 | root | INFO | Starting script
2024-10-06 20:05:21,885 | root | INFO | Mapping incoming files
2024-10-06 20:05:21,885 | root | INFO | Reading from ZIP: Empresas0.zip
2024-10-06 20:10:32,208 | root | INFO | Starting script
2024-10-06 20:10:32,208 | root | INFO | Mapping incoming files
2024-10-06 20:10:32,209 | root | INFO | Reading from ZIP: Empresas0.zip
2024-10-06 20:14:10,259 | root | INFO | Starting script
2024-10-06 20:14:10,259 | root | INFO | Mapping incoming files
2024-10-06 20:14:10,260 | root | INFO | Reading from ZIP: Empresas0.zip
2024-10-06 20:14:39,905 | root | INFO | Appending: Empresas0.zip
2024-10-06 20:14:39,906 | root | INFO | Reading from ZIP: Empresas1.zip
2024-10-06 20:14:46,800 | root | INFO | Appending: Empresas1.zip
2024-10-06 20:14:46,800 | root | INFO | Reading from ZIP: Empresas2.zip
2024-10-06 20:14:54,204 | root | INFO | Appending: Empresas2.zip
2024-10-06 20:14:54,205 | root | INFO | Reading from ZIP: Empresas3.zip
2024-10-06 20:15:01,721 | root | INFO | Appending: Empresas3.zip
2024-10-06 20:15:01,722 | root | INFO | Reading from ZIP: Empresas4.zip
2024-10-06 20:15:09,242 | root | INFO | Appending: Empresas4.zip
2024-10-06 20:23:18,500 | root | INFO | Reading from ZIP: Empresas5.zip
